../../../../third_party/memcached/t/binary-get.t ....... ok
../../../../third_party/memcached/t/bogus-commands.t ... ok
../../../../third_party/memcached/t/cas.t .............. ok
../../../../third_party/memcached/t/expirations.t ...... ok
../../../../third_party/memcached/t/flags.t ............ ok
../../../../third_party/memcached/t/flush-all.t ........ ok
../../../../third_party/memcached/t/getset.t ........... ok
../../../../third_party/memcached/t/incrdecr.t ......... ok
../../../../third_party/memcached/t/multiversioning.t .. ok
../../../../third_party/memcached/t/noreply.t .......... ok
All tests successful.
Files=10, Tests=665
Result: PASS
